生成启动时间为 2014/5/29 22:04:04。
     1>项目“C:\Users\迪\Documents\GitHub\polyline-chess\polyline-chess\polyline-chess.vcxproj”在节点 2 上(Build 个目标)。
     1>ClCompile:
         C:\Program Files (x86)\Microsoft Visual Studio 12.0\VC\bin\CL.exe /c /ZI /nologo /W3 /WX- /sdl /Od /Oy- /D WIN32 /D _WINDOWS /D _DEBUG /D _UNICODE /D UNICODE /D _AFXDLL /Gm /EHsc /RTC1 /MDd /GS /fp:precise /Zc:wchar_t /Zc:forScope /Yc"stdafx.h" /Fp"Debug\polyline-chess.pch" /Fo"Debug\\" /Fd"Debug\vc120.pdb" /Gd /TP /analyze- /errorReport:prompt stdafx.cpp
         stdafx.cpp
         C:\Program Files (x86)\Microsoft Visual Studio 12.0\VC\bin\CL.exe /c /ZI /nologo /W3 /WX- /sdl /Od /Oy- /D WIN32 /D _WINDOWS /D _DEBUG /D _UNICODE /D UNICODE /D _AFXDLL /Gm /EHsc /RTC1 /MDd /GS /fp:precise /Zc:wchar_t /Zc:forScope /Yu"stdafx.h" /Fp"Debug\polyline-chess.pch" /Fo"Debug\\" /Fd"Debug\vc120.pdb" /Gd /TP /analyze- /errorReport:prompt MainFrm.cpp OutputWnd.cpp "polyline-chess.cpp" "polyline-chessDoc.cpp" "polyline-chessView.cpp"
         polyline-chessView.cpp
         polyline-chessDoc.cpp
         polyline-chess.cpp
         OutputWnd.cpp
         MainFrm.cpp
         正在生成代码...
       ResourceCompile:
         C:\Program Files (x86)\Windows Kits\8.1\bin\x86\rc.exe /D _DEBUG /D _UNICODE /D UNICODE /D _AFXDLL /l"0x0804" /IDebug\ /nologo /fo"Debug\polyline-chess.res" polyline-chess.rc 
       Link:
         C:\Program Files (x86)\Microsoft Visual Studio 12.0\VC\bin\link.exe /ERRORREPORT:PROMPT /OUT:"C:\Users\迪\Documents\GitHub\polyline-chess\Debug\polyline-chess.exe" /INCREMENTAL /NOLOGO /MANIFEST /MANIFESTUAC:"level='asInvoker' uiAccess='false'" /manifest:embed /manifestinput:"C:\Program Files (x86)\Microsoft Visual Studio 12.0\VC\Include\Manifest\dpiaware.manifest" /DEBUG /PDB:"C:\Users\迪\Documents\GitHub\polyline-chess\Debug\polyline-chess.pdb" /SUBSYSTEM:WINDOWS /TLBID:1 /ENTRY:"wWinMainCRTStartup" /DYNAMICBASE /NXCOMPAT /IMPLIB:"C:\Users\迪\Documents\GitHub\polyline-chess\Debug\polyline-chess.lib" /MACHINE:X86 "Debug\polyline-chess.res"
         Debug\MainFrm.obj
         Debug\OutputWnd.obj
         "Debug\polyline-chess.obj"
         "Debug\polyline-chessDoc.obj"
         "Debug\polyline-chessView.obj"
         Debug\stdafx.obj
         polyline-chess.vcxproj -> C:\Users\迪\Documents\GitHub\polyline-chess\Debug\polyline-chess.exe
     1>已完成生成项目“C:\Users\迪\Documents\GitHub\polyline-chess\polyline-chess\polyline-chess.vcxproj”(Build 个目标)的操作。

生成成功。

已用时间 00:00:13.07
